2020-05-20 22:15:23,346 DEBUG    root            Loaded Command Group: [u'gcloud', u'components']
2020-05-20 22:15:23,350 DEBUG    root            Loaded Command Group: [u'gcloud', u'components', u'list']
2020-05-20 22:15:23,353 DEBUG    root            Running [gcloud.components.list] with arguments: [--quiet: "True"]
2020-05-20 22:15:23,561 INFO     ___FILE_ONLY___ 
Your current Cloud SDK version is: 293.0.0

2020-05-20 22:15:23,562 INFO     ___FILE_ONLY___ The latest available version is: 293.0.0

2020-05-20 22:15:23,562 INFO     ___FILE_ONLY___ 

2020-05-20 22:15:23,563 INFO     root            Display format: "table[box,title="Components"](state.name:label=Status,name:label=Name,id:label=ID,size.size(zero="",min=1048576):label=Size:align=right)"
2020-05-20 22:15:23,571 INFO     ___FILE_ONLY___ ┌────────────────────────────────────────────────────────────────────────────────────────────────────────────┐
2020-05-20 22:15:23,571 INFO     ___FILE_ONLY___ 

2020-05-20 22:15:23,571 INFO     ___FILE_ONLY___ │                                                 Components                                                 │
2020-05-20 22:15:23,572 INFO     ___FILE_ONLY___ 

2020-05-20 22:15:23,572 INFO     ___FILE_ONLY___ ├───────────────┬──────────────────────────────────────────────────────┬──────────────────────────┬──────────┤
2020-05-20 22:15:23,572 INFO     ___FILE_ONLY___ 

2020-05-20 22:15:23,572 INFO     ___FILE_ONLY___ │     Status    │                         Name                         │            ID            │   Size   │
2020-05-20 22:15:23,572 INFO     ___FILE_ONLY___ 

2020-05-20 22:15:23,572 INFO     ___FILE_ONLY___ ├───────────────┼──────────────────────────────────────────────────────┼──────────────────────────┼──────────┤
2020-05-20 22:15:23,572 INFO     ___FILE_ONLY___ 

2020-05-20 22:15:23,573 INFO     ___FILE_ONLY___ │ 
2020-05-20 22:15:23,573 INFO     ___FILE_ONLY___ Not Installed
2020-05-20 22:15:23,573 INFO     ___FILE_ONLY___  
2020-05-20 22:15:23,573 INFO     ___FILE_ONLY___ │ 
2020-05-20 22:15:23,573 INFO     ___FILE_ONLY___ App Engine Go Extensions                            
2020-05-20 22:15:23,573 INFO     ___FILE_ONLY___  
2020-05-20 22:15:23,573 INFO     ___FILE_ONLY___ │ 
2020-05-20 22:15:23,573 INFO     ___FILE_ONLY___ app-engine-go           
2020-05-20 22:15:23,573 INFO     ___FILE_ONLY___  
2020-05-20 22:15:23,573 INFO     ___FILE_ONLY___ │ 
2020-05-20 22:15:23,574 INFO     ___FILE_ONLY___  4.8 MiB
2020-05-20 22:15:23,574 INFO     ___FILE_ONLY___  
2020-05-20 22:15:23,574 INFO     ___FILE_ONLY___ │
2020-05-20 22:15:23,574 INFO     ___FILE_ONLY___ 

2020-05-20 22:15:23,574 INFO     ___FILE_ONLY___ │ 
2020-05-20 22:15:23,574 INFO     ___FILE_ONLY___ Not Installed
2020-05-20 22:15:23,574 INFO     ___FILE_ONLY___  
2020-05-20 22:15:23,574 INFO     ___FILE_ONLY___ │ 
2020-05-20 22:15:23,574 INFO     ___FILE_ONLY___ Appctl                                              
2020-05-20 22:15:23,575 INFO     ___FILE_ONLY___  
2020-05-20 22:15:23,575 INFO     ___FILE_ONLY___ │ 
2020-05-20 22:15:23,575 INFO     ___FILE_ONLY___ appctl                  
2020-05-20 22:15:23,575 INFO     ___FILE_ONLY___  
2020-05-20 22:15:23,575 INFO     ___FILE_ONLY___ │ 
2020-05-20 22:15:23,575 INFO     ___FILE_ONLY___ 18.5 MiB
2020-05-20 22:15:23,575 INFO     ___FILE_ONLY___  
2020-05-20 22:15:23,575 INFO     ___FILE_ONLY___ │
2020-05-20 22:15:23,575 INFO     ___FILE_ONLY___ 

2020-05-20 22:15:23,575 INFO     ___FILE_ONLY___ │ 
2020-05-20 22:15:23,576 INFO     ___FILE_ONLY___ Not Installed
2020-05-20 22:15:23,576 INFO     ___FILE_ONLY___  
2020-05-20 22:15:23,576 INFO     ___FILE_ONLY___ │ 
2020-05-20 22:15:23,576 INFO     ___FILE_ONLY___ Cloud Bigtable Command Line Tool                    
2020-05-20 22:15:23,576 INFO     ___FILE_ONLY___  
2020-05-20 22:15:23,576 INFO     ___FILE_ONLY___ │ 
2020-05-20 22:15:23,576 INFO     ___FILE_ONLY___ cbt                     
2020-05-20 22:15:23,576 INFO     ___FILE_ONLY___  
2020-05-20 22:15:23,576 INFO     ___FILE_ONLY___ │ 
2020-05-20 22:15:23,576 INFO     ___FILE_ONLY___  7.6 MiB
2020-05-20 22:15:23,577 INFO     ___FILE_ONLY___  
2020-05-20 22:15:23,577 INFO     ___FILE_ONLY___ │
2020-05-20 22:15:23,577 INFO     ___FILE_ONLY___ 

2020-05-20 22:15:23,577 INFO     ___FILE_ONLY___ │ 
2020-05-20 22:15:23,577 INFO     ___FILE_ONLY___ Not Installed
2020-05-20 22:15:23,577 INFO     ___FILE_ONLY___  
2020-05-20 22:15:23,577 INFO     ___FILE_ONLY___ │ 
2020-05-20 22:15:23,577 INFO     ___FILE_ONLY___ Cloud Bigtable Emulator                             
2020-05-20 22:15:23,577 INFO     ___FILE_ONLY___  
2020-05-20 22:15:23,577 INFO     ___FILE_ONLY___ │ 
2020-05-20 22:15:23,578 INFO     ___FILE_ONLY___ bigtable                
2020-05-20 22:15:23,578 INFO     ___FILE_ONLY___  
2020-05-20 22:15:23,578 INFO     ___FILE_ONLY___ │ 
2020-05-20 22:15:23,578 INFO     ___FILE_ONLY___  6.6 MiB
2020-05-20 22:15:23,578 INFO     ___FILE_ONLY___  
2020-05-20 22:15:23,578 INFO     ___FILE_ONLY___ │
2020-05-20 22:15:23,578 INFO     ___FILE_ONLY___ 

2020-05-20 22:15:23,578 INFO     ___FILE_ONLY___ │ 
2020-05-20 22:15:23,578 INFO     ___FILE_ONLY___ Not Installed
2020-05-20 22:15:23,578 INFO     ___FILE_ONLY___  
2020-05-20 22:15:23,579 INFO     ___FILE_ONLY___ │ 
2020-05-20 22:15:23,579 INFO     ___FILE_ONLY___ Cloud Datalab Command Line Tool                     
2020-05-20 22:15:23,579 INFO     ___FILE_ONLY___  
2020-05-20 22:15:23,579 INFO     ___FILE_ONLY___ │ 
2020-05-20 22:15:23,579 INFO     ___FILE_ONLY___ datalab                 
2020-05-20 22:15:23,579 INFO     ___FILE_ONLY___  
2020-05-20 22:15:23,579 INFO     ___FILE_ONLY___ │ 
2020-05-20 22:15:23,579 INFO     ___FILE_ONLY___  < 1 MiB
2020-05-20 22:15:23,579 INFO     ___FILE_ONLY___  
2020-05-20 22:15:23,579 INFO     ___FILE_ONLY___ │
2020-05-20 22:15:23,580 INFO     ___FILE_ONLY___ 

2020-05-20 22:15:23,580 INFO     ___FILE_ONLY___ │ 
2020-05-20 22:15:23,580 INFO     ___FILE_ONLY___ Not Installed
2020-05-20 22:15:23,580 INFO     ___FILE_ONLY___  
2020-05-20 22:15:23,580 INFO     ___FILE_ONLY___ │ 
2020-05-20 22:15:23,580 INFO     ___FILE_ONLY___ Cloud Datastore Emulator                            
2020-05-20 22:15:23,580 INFO     ___FILE_ONLY___  
2020-05-20 22:15:23,580 INFO     ___FILE_ONLY___ │ 
2020-05-20 22:15:23,580 INFO     ___FILE_ONLY___ cloud-datastore-emulator
2020-05-20 22:15:23,580 INFO     ___FILE_ONLY___  
2020-05-20 22:15:23,581 INFO     ___FILE_ONLY___ │ 
2020-05-20 22:15:23,581 INFO     ___FILE_ONLY___ 18.4 MiB
2020-05-20 22:15:23,581 INFO     ___FILE_ONLY___  
2020-05-20 22:15:23,581 INFO     ___FILE_ONLY___ │
2020-05-20 22:15:23,581 INFO     ___FILE_ONLY___ 

2020-05-20 22:15:23,581 INFO     ___FILE_ONLY___ │ 
2020-05-20 22:15:23,581 INFO     ___FILE_ONLY___ Not Installed
2020-05-20 22:15:23,581 INFO     ___FILE_ONLY___  
2020-05-20 22:15:23,581 INFO     ___FILE_ONLY___ │ 
2020-05-20 22:15:23,581 INFO     ___FILE_ONLY___ Cloud Firestore Emulator                            
2020-05-20 22:15:23,582 INFO     ___FILE_ONLY___  
2020-05-20 22:15:23,582 INFO     ___FILE_ONLY___ │ 
2020-05-20 22:15:23,582 INFO     ___FILE_ONLY___ cloud-firestore-emulator
2020-05-20 22:15:23,582 INFO     ___FILE_ONLY___  
2020-05-20 22:15:23,582 INFO     ___FILE_ONLY___ │ 
2020-05-20 22:15:23,582 INFO     ___FILE_ONLY___ 40.4 MiB
2020-05-20 22:15:23,582 INFO     ___FILE_ONLY___  
2020-05-20 22:15:23,582 INFO     ___FILE_ONLY___ │
2020-05-20 22:15:23,582 INFO     ___FILE_ONLY___ 

2020-05-20 22:15:23,582 INFO     ___FILE_ONLY___ │ 
2020-05-20 22:15:23,583 INFO     ___FILE_ONLY___ Not Installed
2020-05-20 22:15:23,583 INFO     ___FILE_ONLY___  
2020-05-20 22:15:23,583 INFO     ___FILE_ONLY___ │ 
2020-05-20 22:15:23,583 INFO     ___FILE_ONLY___ Cloud Pub/Sub Emulator                              
2020-05-20 22:15:23,583 INFO     ___FILE_ONLY___  
2020-05-20 22:15:23,583 INFO     ___FILE_ONLY___ │ 
2020-05-20 22:15:23,583 INFO     ___FILE_ONLY___ pubsub-emulator         
2020-05-20 22:15:23,583 INFO     ___FILE_ONLY___  
2020-05-20 22:15:23,583 INFO     ___FILE_ONLY___ │ 
2020-05-20 22:15:23,583 INFO     ___FILE_ONLY___ 34.9 MiB
2020-05-20 22:15:23,584 INFO     ___FILE_ONLY___  
2020-05-20 22:15:23,584 INFO     ___FILE_ONLY___ │
2020-05-20 22:15:23,584 INFO     ___FILE_ONLY___ 

2020-05-20 22:15:23,584 INFO     ___FILE_ONLY___ │ 
2020-05-20 22:15:23,584 INFO     ___FILE_ONLY___ Not Installed
2020-05-20 22:15:23,584 INFO     ___FILE_ONLY___  
2020-05-20 22:15:23,584 INFO     ___FILE_ONLY___ │ 
2020-05-20 22:15:23,585 INFO     ___FILE_ONLY___ Cloud SQL Proxy                                     
2020-05-20 22:15:23,585 INFO     ___FILE_ONLY___  
2020-05-20 22:15:23,585 INFO     ___FILE_ONLY___ │ 
2020-05-20 22:15:23,585 INFO     ___FILE_ONLY___ cloud_sql_proxy         
2020-05-20 22:15:23,585 INFO     ___FILE_ONLY___  
2020-05-20 22:15:23,585 INFO     ___FILE_ONLY___ │ 
2020-05-20 22:15:23,585 INFO     ___FILE_ONLY___  3.7 MiB
2020-05-20 22:15:23,585 INFO     ___FILE_ONLY___  
2020-05-20 22:15:23,585 INFO     ___FILE_ONLY___ │
2020-05-20 22:15:23,585 INFO     ___FILE_ONLY___ 

2020-05-20 22:15:23,586 INFO     ___FILE_ONLY___ │ 
2020-05-20 22:15:23,586 INFO     ___FILE_ONLY___ Not Installed
2020-05-20 22:15:23,586 INFO     ___FILE_ONLY___  
2020-05-20 22:15:23,586 INFO     ___FILE_ONLY___ │ 
2020-05-20 22:15:23,586 INFO     ___FILE_ONLY___ Emulator Reverse Proxy                              
2020-05-20 22:15:23,586 INFO     ___FILE_ONLY___  
2020-05-20 22:15:23,586 INFO     ___FILE_ONLY___ │ 
2020-05-20 22:15:23,586 INFO     ___FILE_ONLY___ emulator-reverse-proxy  
2020-05-20 22:15:23,586 INFO     ___FILE_ONLY___  
2020-05-20 22:15:23,586 INFO     ___FILE_ONLY___ │ 
2020-05-20 22:15:23,587 INFO     ___FILE_ONLY___ 14.5 MiB
2020-05-20 22:15:23,587 INFO     ___FILE_ONLY___  
2020-05-20 22:15:23,587 INFO     ___FILE_ONLY___ │
2020-05-20 22:15:23,587 INFO     ___FILE_ONLY___ 

2020-05-20 22:15:23,587 INFO     ___FILE_ONLY___ │ 
2020-05-20 22:15:23,587 INFO     ___FILE_ONLY___ Not Installed
2020-05-20 22:15:23,587 INFO     ___FILE_ONLY___  
2020-05-20 22:15:23,587 INFO     ___FILE_ONLY___ │ 
2020-05-20 22:15:23,588 INFO     ___FILE_ONLY___ Google Cloud Build Local Builder                    
2020-05-20 22:15:23,588 INFO     ___FILE_ONLY___  
2020-05-20 22:15:23,588 INFO     ___FILE_ONLY___ │ 
2020-05-20 22:15:23,588 INFO     ___FILE_ONLY___ cloud-build-local       
2020-05-20 22:15:23,588 INFO     ___FILE_ONLY___  
2020-05-20 22:15:23,588 INFO     ___FILE_ONLY___ │ 
2020-05-20 22:15:23,588 INFO     ___FILE_ONLY___  5.9 MiB
2020-05-20 22:15:23,588 INFO     ___FILE_ONLY___  
2020-05-20 22:15:23,588 INFO     ___FILE_ONLY___ │
2020-05-20 22:15:23,588 INFO     ___FILE_ONLY___ 

2020-05-20 22:15:23,589 INFO     ___FILE_ONLY___ │ 
2020-05-20 22:15:23,589 INFO     ___FILE_ONLY___ Not Installed
2020-05-20 22:15:23,589 INFO     ___FILE_ONLY___  
2020-05-20 22:15:23,589 INFO     ___FILE_ONLY___ │ 
2020-05-20 22:15:23,589 INFO     ___FILE_ONLY___ Google Container Registry's Docker credential helper
2020-05-20 22:15:23,589 INFO     ___FILE_ONLY___  
2020-05-20 22:15:23,589 INFO     ___FILE_ONLY___ │ 
2020-05-20 22:15:23,589 INFO     ___FILE_ONLY___ docker-credential-gcr   
2020-05-20 22:15:23,590 INFO     ___FILE_ONLY___  
2020-05-20 22:15:23,590 INFO     ___FILE_ONLY___ │ 
2020-05-20 22:15:23,590 INFO     ___FILE_ONLY___  1.8 MiB
2020-05-20 22:15:23,590 INFO     ___FILE_ONLY___  
2020-05-20 22:15:23,590 INFO     ___FILE_ONLY___ │
2020-05-20 22:15:23,590 INFO     ___FILE_ONLY___ 

2020-05-20 22:15:23,590 INFO     ___FILE_ONLY___ │ 
2020-05-20 22:15:23,590 INFO     ___FILE_ONLY___ Not Installed
2020-05-20 22:15:23,591 INFO     ___FILE_ONLY___  
2020-05-20 22:15:23,591 INFO     ___FILE_ONLY___ │ 
2020-05-20 22:15:23,591 INFO     ___FILE_ONLY___ Kind                                                
2020-05-20 22:15:23,591 INFO     ___FILE_ONLY___  
2020-05-20 22:15:23,591 INFO     ___FILE_ONLY___ │ 
2020-05-20 22:15:23,591 INFO     ___FILE_ONLY___ kind                    
2020-05-20 22:15:23,591 INFO     ___FILE_ONLY___  
2020-05-20 22:15:23,591 INFO     ___FILE_ONLY___ │ 
2020-05-20 22:15:23,591 INFO     ___FILE_ONLY___  4.4 MiB
2020-05-20 22:15:23,591 INFO     ___FILE_ONLY___  
2020-05-20 22:15:23,592 INFO     ___FILE_ONLY___ │
2020-05-20 22:15:23,592 INFO     ___FILE_ONLY___ 

2020-05-20 22:15:23,592 INFO     ___FILE_ONLY___ │ 
2020-05-20 22:15:23,592 INFO     ___FILE_ONLY___ Not Installed
2020-05-20 22:15:23,592 INFO     ___FILE_ONLY___  
2020-05-20 22:15:23,592 INFO     ___FILE_ONLY___ │ 
2020-05-20 22:15:23,592 INFO     ___FILE_ONLY___ Minikube                                            
2020-05-20 22:15:23,592 INFO     ___FILE_ONLY___  
2020-05-20 22:15:23,592 INFO     ___FILE_ONLY___ │ 
2020-05-20 22:15:23,593 INFO     ___FILE_ONLY___ minikube                
2020-05-20 22:15:23,593 INFO     ___FILE_ONLY___  
2020-05-20 22:15:23,593 INFO     ___FILE_ONLY___ │ 
2020-05-20 22:15:23,593 INFO     ___FILE_ONLY___ 22.3 MiB
2020-05-20 22:15:23,593 INFO     ___FILE_ONLY___  
2020-05-20 22:15:23,593 INFO     ___FILE_ONLY___ │
2020-05-20 22:15:23,593 INFO     ___FILE_ONLY___ 

2020-05-20 22:15:23,593 INFO     ___FILE_ONLY___ │ 
2020-05-20 22:15:23,593 INFO     ___FILE_ONLY___ Not Installed
2020-05-20 22:15:23,594 INFO     ___FILE_ONLY___  
2020-05-20 22:15:23,594 INFO     ___FILE_ONLY___ │ 
2020-05-20 22:15:23,594 INFO     ___FILE_ONLY___ Skaffold                                            
2020-05-20 22:15:23,594 INFO     ___FILE_ONLY___  
2020-05-20 22:15:23,594 INFO     ___FILE_ONLY___ │ 
2020-05-20 22:15:23,594 INFO     ___FILE_ONLY___ skaffold                
2020-05-20 22:15:23,594 INFO     ___FILE_ONLY___  
2020-05-20 22:15:23,594 INFO     ___FILE_ONLY___ │ 
2020-05-20 22:15:23,594 INFO     ___FILE_ONLY___ 12.6 MiB
2020-05-20 22:15:23,594 INFO     ___FILE_ONLY___  
2020-05-20 22:15:23,594 INFO     ___FILE_ONLY___ │
2020-05-20 22:15:23,595 INFO     ___FILE_ONLY___ 

2020-05-20 22:15:23,595 INFO     ___FILE_ONLY___ │ 
2020-05-20 22:15:23,595 INFO     ___FILE_ONLY___ Not Installed
2020-05-20 22:15:23,595 INFO     ___FILE_ONLY___  
2020-05-20 22:15:23,595 INFO     ___FILE_ONLY___ │ 
2020-05-20 22:15:23,595 INFO     ___FILE_ONLY___ anthos-auth                                         
2020-05-20 22:15:23,595 INFO     ___FILE_ONLY___  
2020-05-20 22:15:23,595 INFO     ___FILE_ONLY___ │ 
2020-05-20 22:15:23,595 INFO     ___FILE_ONLY___ anthos-auth             
2020-05-20 22:15:23,596 INFO     ___FILE_ONLY___  
2020-05-20 22:15:23,596 INFO     ___FILE_ONLY___ │ 
2020-05-20 22:15:23,596 INFO     ___FILE_ONLY___ 15.9 MiB
2020-05-20 22:15:23,596 INFO     ___FILE_ONLY___  
2020-05-20 22:15:23,596 INFO     ___FILE_ONLY___ │
2020-05-20 22:15:23,596 INFO     ___FILE_ONLY___ 

2020-05-20 22:15:23,596 INFO     ___FILE_ONLY___ │ 
2020-05-20 22:15:23,596 INFO     ___FILE_ONLY___ Not Installed
2020-05-20 22:15:23,596 INFO     ___FILE_ONLY___  
2020-05-20 22:15:23,597 INFO     ___FILE_ONLY___ │ 
2020-05-20 22:15:23,597 INFO     ___FILE_ONLY___ gcloud Alpha Commands                               
2020-05-20 22:15:23,597 INFO     ___FILE_ONLY___  
2020-05-20 22:15:23,597 INFO     ___FILE_ONLY___ │ 
2020-05-20 22:15:23,597 INFO     ___FILE_ONLY___ alpha                   
2020-05-20 22:15:23,597 INFO     ___FILE_ONLY___  
2020-05-20 22:15:23,597 INFO     ___FILE_ONLY___ │ 
2020-05-20 22:15:23,597 INFO     ___FILE_ONLY___  < 1 MiB
2020-05-20 22:15:23,598 INFO     ___FILE_ONLY___  
2020-05-20 22:15:23,598 INFO     ___FILE_ONLY___ │
2020-05-20 22:15:23,598 INFO     ___FILE_ONLY___ 

2020-05-20 22:15:23,598 INFO     ___FILE_ONLY___ │ 
2020-05-20 22:15:23,598 INFO     ___FILE_ONLY___ Not Installed
2020-05-20 22:15:23,598 INFO     ___FILE_ONLY___  
2020-05-20 22:15:23,598 INFO     ___FILE_ONLY___ │ 
2020-05-20 22:15:23,598 INFO     ___FILE_ONLY___ gcloud Beta Commands                                
2020-05-20 22:15:23,599 INFO     ___FILE_ONLY___  
2020-05-20 22:15:23,599 INFO     ___FILE_ONLY___ │ 
2020-05-20 22:15:23,599 INFO     ___FILE_ONLY___ beta                    
2020-05-20 22:15:23,599 INFO     ___FILE_ONLY___  
2020-05-20 22:15:23,599 INFO     ___FILE_ONLY___ │ 
2020-05-20 22:15:23,599 INFO     ___FILE_ONLY___  < 1 MiB
2020-05-20 22:15:23,599 INFO     ___FILE_ONLY___  
2020-05-20 22:15:23,599 INFO     ___FILE_ONLY___ │
2020-05-20 22:15:23,600 INFO     ___FILE_ONLY___ 

2020-05-20 22:15:23,600 INFO     ___FILE_ONLY___ │ 
2020-05-20 22:15:23,600 INFO     ___FILE_ONLY___ Not Installed
2020-05-20 22:15:23,600 INFO     ___FILE_ONLY___  
2020-05-20 22:15:23,600 INFO     ___FILE_ONLY___ │ 
2020-05-20 22:15:23,600 INFO     ___FILE_ONLY___ gcloud app Java Extensions                          
2020-05-20 22:15:23,600 INFO     ___FILE_ONLY___  
2020-05-20 22:15:23,600 INFO     ___FILE_ONLY___ │ 
2020-05-20 22:15:23,601 INFO     ___FILE_ONLY___ app-engine-java         
2020-05-20 22:15:23,601 INFO     ___FILE_ONLY___  
2020-05-20 22:15:23,601 INFO     ___FILE_ONLY___ │ 
2020-05-20 22:15:23,601 INFO     ___FILE_ONLY___ 62.4 MiB
2020-05-20 22:15:23,601 INFO     ___FILE_ONLY___  
2020-05-20 22:15:23,601 INFO     ___FILE_ONLY___ │
2020-05-20 22:15:23,601 INFO     ___FILE_ONLY___ 

2020-05-20 22:15:23,601 INFO     ___FILE_ONLY___ │ 
2020-05-20 22:15:23,601 INFO     ___FILE_ONLY___ Not Installed
2020-05-20 22:15:23,602 INFO     ___FILE_ONLY___  
2020-05-20 22:15:23,602 INFO     ___FILE_ONLY___ │ 
2020-05-20 22:15:23,602 INFO     ___FILE_ONLY___ gcloud app PHP Extensions                           
2020-05-20 22:15:23,602 INFO     ___FILE_ONLY___  
2020-05-20 22:15:23,602 INFO     ___FILE_ONLY___ │ 
2020-05-20 22:15:23,602 INFO     ___FILE_ONLY___ app-engine-php          
2020-05-20 22:15:23,602 INFO     ___FILE_ONLY___  
2020-05-20 22:15:23,602 INFO     ___FILE_ONLY___ │ 
2020-05-20 22:15:23,602 INFO     ___FILE_ONLY___ 21.9 MiB
2020-05-20 22:15:23,602 INFO     ___FILE_ONLY___  
2020-05-20 22:15:23,603 INFO     ___FILE_ONLY___ │
2020-05-20 22:15:23,603 INFO     ___FILE_ONLY___ 

2020-05-20 22:15:23,603 INFO     ___FILE_ONLY___ │ 
2020-05-20 22:15:23,603 INFO     ___FILE_ONLY___ Not Installed
2020-05-20 22:15:23,603 INFO     ___FILE_ONLY___  
2020-05-20 22:15:23,603 INFO     ___FILE_ONLY___ │ 
2020-05-20 22:15:23,603 INFO     ___FILE_ONLY___ gcloud app Python Extensions                        
2020-05-20 22:15:23,603 INFO     ___FILE_ONLY___  
2020-05-20 22:15:23,603 INFO     ___FILE_ONLY___ │ 
2020-05-20 22:15:23,604 INFO     ___FILE_ONLY___ app-engine-python       
2020-05-20 22:15:23,604 INFO     ___FILE_ONLY___  
2020-05-20 22:15:23,604 INFO     ___FILE_ONLY___ │ 
2020-05-20 22:15:23,604 INFO     ___FILE_ONLY___  6.1 MiB
2020-05-20 22:15:23,604 INFO     ___FILE_ONLY___  
2020-05-20 22:15:23,604 INFO     ___FILE_ONLY___ │
2020-05-20 22:15:23,604 INFO     ___FILE_ONLY___ 

2020-05-20 22:15:23,604 INFO     ___FILE_ONLY___ │ 
2020-05-20 22:15:23,604 INFO     ___FILE_ONLY___ Not Installed
2020-05-20 22:15:23,604 INFO     ___FILE_ONLY___  
2020-05-20 22:15:23,605 INFO     ___FILE_ONLY___ │ 
2020-05-20 22:15:23,605 INFO     ___FILE_ONLY___ gcloud app Python Extensions (Extra Libraries)      
2020-05-20 22:15:23,605 INFO     ___FILE_ONLY___  
2020-05-20 22:15:23,605 INFO     ___FILE_ONLY___ │ 
2020-05-20 22:15:23,605 INFO     ___FILE_ONLY___ app-engine-python-extras
2020-05-20 22:15:23,605 INFO     ___FILE_ONLY___  
2020-05-20 22:15:23,605 INFO     ___FILE_ONLY___ │ 
2020-05-20 22:15:23,605 INFO     ___FILE_ONLY___ 27.1 MiB
2020-05-20 22:15:23,605 INFO     ___FILE_ONLY___  
2020-05-20 22:15:23,605 INFO     ___FILE_ONLY___ │
2020-05-20 22:15:23,606 INFO     ___FILE_ONLY___ 

2020-05-20 22:15:23,606 INFO     ___FILE_ONLY___ │ 
2020-05-20 22:15:23,606 INFO     ___FILE_ONLY___ Not Installed
2020-05-20 22:15:23,606 INFO     ___FILE_ONLY___  
2020-05-20 22:15:23,606 INFO     ___FILE_ONLY___ │ 
2020-05-20 22:15:23,606 INFO     ___FILE_ONLY___ kpt                                                 
2020-05-20 22:15:23,606 INFO     ___FILE_ONLY___  
2020-05-20 22:15:23,606 INFO     ___FILE_ONLY___ │ 
2020-05-20 22:15:23,606 INFO     ___FILE_ONLY___ kpt                     
2020-05-20 22:15:23,606 INFO     ___FILE_ONLY___  
2020-05-20 22:15:23,607 INFO     ___FILE_ONLY___ │ 
2020-05-20 22:15:23,607 INFO     ___FILE_ONLY___ 20.1 MiB
2020-05-20 22:15:23,607 INFO     ___FILE_ONLY___  
2020-05-20 22:15:23,607 INFO     ___FILE_ONLY___ │
2020-05-20 22:15:23,607 INFO     ___FILE_ONLY___ 

2020-05-20 22:15:23,607 INFO     ___FILE_ONLY___ │ 
2020-05-20 22:15:23,607 INFO     ___FILE_ONLY___ Not Installed
2020-05-20 22:15:23,608 INFO     ___FILE_ONLY___  
2020-05-20 22:15:23,608 INFO     ___FILE_ONLY___ │ 
2020-05-20 22:15:23,608 INFO     ___FILE_ONLY___ kubectl                                             
2020-05-20 22:15:23,609 INFO     ___FILE_ONLY___  
2020-05-20 22:15:23,609 INFO     ___FILE_ONLY___ │ 
2020-05-20 22:15:23,610 INFO     ___FILE_ONLY___ kubectl                 
2020-05-20 22:15:23,610 INFO     ___FILE_ONLY___  
2020-05-20 22:15:23,610 INFO     ___FILE_ONLY___ │ 
2020-05-20 22:15:23,611 INFO     ___FILE_ONLY___  < 1 MiB
2020-05-20 22:15:23,611 INFO     ___FILE_ONLY___  
2020-05-20 22:15:23,611 INFO     ___FILE_ONLY___ │
2020-05-20 22:15:23,611 INFO     ___FILE_ONLY___ 

2020-05-20 22:15:23,611 INFO     ___FILE_ONLY___ │ 
2020-05-20 22:15:23,611 INFO     ___FILE_ONLY___ Installed    
2020-05-20 22:15:23,611 INFO     ___FILE_ONLY___  
2020-05-20 22:15:23,612 INFO     ___FILE_ONLY___ │ 
2020-05-20 22:15:23,612 INFO     ___FILE_ONLY___ BigQuery Command Line Tool                          
2020-05-20 22:15:23,612 INFO     ___FILE_ONLY___  
2020-05-20 22:15:23,612 INFO     ___FILE_ONLY___ │ 
2020-05-20 22:15:23,612 INFO     ___FILE_ONLY___ bq                      
2020-05-20 22:15:23,612 INFO     ___FILE_ONLY___  
2020-05-20 22:15:23,612 INFO     ___FILE_ONLY___ │ 
2020-05-20 22:15:23,612 INFO     ___FILE_ONLY___  < 1 MiB
2020-05-20 22:15:23,612 INFO     ___FILE_ONLY___  
2020-05-20 22:15:23,612 INFO     ___FILE_ONLY___ │
2020-05-20 22:15:23,613 INFO     ___FILE_ONLY___ 

2020-05-20 22:15:23,613 INFO     ___FILE_ONLY___ │ 
2020-05-20 22:15:23,613 INFO     ___FILE_ONLY___ Installed    
2020-05-20 22:15:23,613 INFO     ___FILE_ONLY___  
2020-05-20 22:15:23,613 INFO     ___FILE_ONLY___ │ 
2020-05-20 22:15:23,613 INFO     ___FILE_ONLY___ Cloud SDK Core Libraries                            
2020-05-20 22:15:23,613 INFO     ___FILE_ONLY___  
2020-05-20 22:15:23,613 INFO     ___FILE_ONLY___ │ 
2020-05-20 22:15:23,613 INFO     ___FILE_ONLY___ core                    
2020-05-20 22:15:23,613 INFO     ___FILE_ONLY___  
2020-05-20 22:15:23,614 INFO     ___FILE_ONLY___ │ 
2020-05-20 22:15:23,614 INFO     ___FILE_ONLY___ 14.5 MiB
2020-05-20 22:15:23,614 INFO     ___FILE_ONLY___  
2020-05-20 22:15:23,614 INFO     ___FILE_ONLY___ │
2020-05-20 22:15:23,614 INFO     ___FILE_ONLY___ 

2020-05-20 22:15:23,614 INFO     ___FILE_ONLY___ │ 
2020-05-20 22:15:23,614 INFO     ___FILE_ONLY___ Installed    
2020-05-20 22:15:23,614 INFO     ___FILE_ONLY___  
2020-05-20 22:15:23,614 INFO     ___FILE_ONLY___ │ 
2020-05-20 22:15:23,614 INFO     ___FILE_ONLY___ Cloud Storage Command Line Tool                     
2020-05-20 22:15:23,615 INFO     ___FILE_ONLY___  
2020-05-20 22:15:23,615 INFO     ___FILE_ONLY___ │ 
2020-05-20 22:15:23,615 INFO     ___FILE_ONLY___ gsutil                  
2020-05-20 22:15:23,615 INFO     ___FILE_ONLY___  
2020-05-20 22:15:23,615 INFO     ___FILE_ONLY___ │ 
2020-05-20 22:15:23,615 INFO     ___FILE_ONLY___  3.5 MiB
2020-05-20 22:15:23,615 INFO     ___FILE_ONLY___  
2020-05-20 22:15:23,615 INFO     ___FILE_ONLY___ │
2020-05-20 22:15:23,615 INFO     ___FILE_ONLY___ 

2020-05-20 22:15:23,615 INFO     ___FILE_ONLY___ └───────────────┴──────────────────────────────────────────────────────┴──────────────────────────┴──────────┘
2020-05-20 22:15:23,616 INFO     ___FILE_ONLY___ 

2020-05-20 22:15:23,616 INFO     ___FILE_ONLY___ To install or remove components at your current SDK version [293.0.0], run:
  $ gcloud components install COMPONENT_ID
  $ gcloud components remove COMPONENT_ID

To update your SDK installation to the latest version [293.0.0], run:
  $ gcloud components update


