2020-05-20 22:13:54,399 DEBUG    root            Loaded Command Group: [u'gcloud', u'components']
2020-05-20 22:13:54,410 DEBUG    root            Loaded Command Group: [u'gcloud', u'components', u'list']
2020-05-20 22:13:54,414 DEBUG    root            Running [gcloud.components.list] with arguments: [--quiet: "True"]
2020-05-20 22:13:54,737 INFO     ___FILE_ONLY___ 
Your current Cloud SDK version is: 293.0.0

2020-05-20 22:13:54,737 INFO     ___FILE_ONLY___ The latest available version is: 293.0.0

2020-05-20 22:13:54,738 INFO     ___FILE_ONLY___ 

2020-05-20 22:13:54,740 INFO     root            Display format: "table[box,title="Components"](state.name:label=Status,name:label=Name,id:label=ID,size.size(zero="",min=1048576):label=Size:align=right)"
2020-05-20 22:13:54,749 INFO     ___FILE_ONLY___ ┌────────────────────────────────────────────────────────────────────────────────────────────────────────────┐
2020-05-20 22:13:54,749 INFO     ___FILE_ONLY___ 

2020-05-20 22:13:54,749 INFO     ___FILE_ONLY___ │                                                 Components                                                 │
2020-05-20 22:13:54,750 INFO     ___FILE_ONLY___ 

2020-05-20 22:13:54,750 INFO     ___FILE_ONLY___ ├───────────────┬──────────────────────────────────────────────────────┬──────────────────────────┬──────────┤
2020-05-20 22:13:54,750 INFO     ___FILE_ONLY___ 

2020-05-20 22:13:54,750 INFO     ___FILE_ONLY___ │     Status    │                         Name                         │            ID            │   Size   │
2020-05-20 22:13:54,751 INFO     ___FILE_ONLY___ 

2020-05-20 22:13:54,751 INFO     ___FILE_ONLY___ ├───────────────┼──────────────────────────────────────────────────────┼──────────────────────────┼──────────┤
2020-05-20 22:13:54,751 INFO     ___FILE_ONLY___ 

2020-05-20 22:13:54,751 INFO     ___FILE_ONLY___ │ 
2020-05-20 22:13:54,752 INFO     ___FILE_ONLY___ Not Installed
2020-05-20 22:13:54,752 INFO     ___FILE_ONLY___  
2020-05-20 22:13:54,752 INFO     ___FILE_ONLY___ │ 
2020-05-20 22:13:54,752 INFO     ___FILE_ONLY___ App Engine Go Extensions                            
2020-05-20 22:13:54,752 INFO     ___FILE_ONLY___  
2020-05-20 22:13:54,752 INFO     ___FILE_ONLY___ │ 
2020-05-20 22:13:54,753 INFO     ___FILE_ONLY___ app-engine-go           
2020-05-20 22:13:54,753 INFO     ___FILE_ONLY___  
2020-05-20 22:13:54,753 INFO     ___FILE_ONLY___ │ 
2020-05-20 22:13:54,753 INFO     ___FILE_ONLY___  4.8 MiB
2020-05-20 22:13:54,753 INFO     ___FILE_ONLY___  
2020-05-20 22:13:54,754 INFO     ___FILE_ONLY___ │
2020-05-20 22:13:54,754 INFO     ___FILE_ONLY___ 

2020-05-20 22:13:54,754 INFO     ___FILE_ONLY___ │ 
2020-05-20 22:13:54,754 INFO     ___FILE_ONLY___ Not Installed
2020-05-20 22:13:54,754 INFO     ___FILE_ONLY___  
2020-05-20 22:13:54,754 INFO     ___FILE_ONLY___ │ 
2020-05-20 22:13:54,755 INFO     ___FILE_ONLY___ Appctl                                              
2020-05-20 22:13:54,755 INFO     ___FILE_ONLY___  
2020-05-20 22:13:54,755 INFO     ___FILE_ONLY___ │ 
2020-05-20 22:13:54,755 INFO     ___FILE_ONLY___ appctl                  
2020-05-20 22:13:54,755 INFO     ___FILE_ONLY___  
2020-05-20 22:13:54,755 INFO     ___FILE_ONLY___ │ 
2020-05-20 22:13:54,755 INFO     ___FILE_ONLY___ 18.5 MiB
2020-05-20 22:13:54,755 INFO     ___FILE_ONLY___  
2020-05-20 22:13:54,756 INFO     ___FILE_ONLY___ │
2020-05-20 22:13:54,756 INFO     ___FILE_ONLY___ 

2020-05-20 22:13:54,756 INFO     ___FILE_ONLY___ │ 
2020-05-20 22:13:54,756 INFO     ___FILE_ONLY___ Not Installed
2020-05-20 22:13:54,756 INFO     ___FILE_ONLY___  
2020-05-20 22:13:54,757 INFO     ___FILE_ONLY___ │ 
2020-05-20 22:13:54,757 INFO     ___FILE_ONLY___ Cloud Bigtable Command Line Tool                    
2020-05-20 22:13:54,757 INFO     ___FILE_ONLY___  
2020-05-20 22:13:54,757 INFO     ___FILE_ONLY___ │ 
2020-05-20 22:13:54,757 INFO     ___FILE_ONLY___ cbt                     
2020-05-20 22:13:54,757 INFO     ___FILE_ONLY___  
2020-05-20 22:13:54,757 INFO     ___FILE_ONLY___ │ 
2020-05-20 22:13:54,757 INFO     ___FILE_ONLY___  7.6 MiB
2020-05-20 22:13:54,758 INFO     ___FILE_ONLY___  
2020-05-20 22:13:54,758 INFO     ___FILE_ONLY___ │
2020-05-20 22:13:54,758 INFO     ___FILE_ONLY___ 

2020-05-20 22:13:54,758 INFO     ___FILE_ONLY___ │ 
2020-05-20 22:13:54,758 INFO     ___FILE_ONLY___ Not Installed
2020-05-20 22:13:54,758 INFO     ___FILE_ONLY___  
2020-05-20 22:13:54,758 INFO     ___FILE_ONLY___ │ 
2020-05-20 22:13:54,759 INFO     ___FILE_ONLY___ Cloud Bigtable Emulator                             
2020-05-20 22:13:54,759 INFO     ___FILE_ONLY___  
2020-05-20 22:13:54,759 INFO     ___FILE_ONLY___ │ 
2020-05-20 22:13:54,759 INFO     ___FILE_ONLY___ bigtable                
2020-05-20 22:13:54,759 INFO     ___FILE_ONLY___  
2020-05-20 22:13:54,759 INFO     ___FILE_ONLY___ │ 
2020-05-20 22:13:54,759 INFO     ___FILE_ONLY___  6.6 MiB
2020-05-20 22:13:54,759 INFO     ___FILE_ONLY___  
2020-05-20 22:13:54,759 INFO     ___FILE_ONLY___ │
2020-05-20 22:13:54,760 INFO     ___FILE_ONLY___ 

2020-05-20 22:13:54,760 INFO     ___FILE_ONLY___ │ 
2020-05-20 22:13:54,760 INFO     ___FILE_ONLY___ Not Installed
2020-05-20 22:13:54,760 INFO     ___FILE_ONLY___  
2020-05-20 22:13:54,760 INFO     ___FILE_ONLY___ │ 
2020-05-20 22:13:54,760 INFO     ___FILE_ONLY___ Cloud Datalab Command Line Tool                     
2020-05-20 22:13:54,760 INFO     ___FILE_ONLY___  
2020-05-20 22:13:54,760 INFO     ___FILE_ONLY___ │ 
2020-05-20 22:13:54,761 INFO     ___FILE_ONLY___ datalab                 
2020-05-20 22:13:54,761 INFO     ___FILE_ONLY___  
2020-05-20 22:13:54,761 INFO     ___FILE_ONLY___ │ 
2020-05-20 22:13:54,761 INFO     ___FILE_ONLY___  < 1 MiB
2020-05-20 22:13:54,761 INFO     ___FILE_ONLY___  
2020-05-20 22:13:54,761 INFO     ___FILE_ONLY___ │
2020-05-20 22:13:54,761 INFO     ___FILE_ONLY___ 

2020-05-20 22:13:54,761 INFO     ___FILE_ONLY___ │ 
2020-05-20 22:13:54,761 INFO     ___FILE_ONLY___ Not Installed
2020-05-20 22:13:54,762 INFO     ___FILE_ONLY___  
2020-05-20 22:13:54,762 INFO     ___FILE_ONLY___ │ 
2020-05-20 22:13:54,762 INFO     ___FILE_ONLY___ Cloud Datastore Emulator                            
2020-05-20 22:13:54,762 INFO     ___FILE_ONLY___  
2020-05-20 22:13:54,762 INFO     ___FILE_ONLY___ │ 
2020-05-20 22:13:54,762 INFO     ___FILE_ONLY___ cloud-datastore-emulator
2020-05-20 22:13:54,762 INFO     ___FILE_ONLY___  
2020-05-20 22:13:54,763 INFO     ___FILE_ONLY___ │ 
2020-05-20 22:13:54,763 INFO     ___FILE_ONLY___ 18.4 MiB
2020-05-20 22:13:54,763 INFO     ___FILE_ONLY___  
2020-05-20 22:13:54,763 INFO     ___FILE_ONLY___ │
2020-05-20 22:13:54,763 INFO     ___FILE_ONLY___ 

2020-05-20 22:13:54,763 INFO     ___FILE_ONLY___ │ 
2020-05-20 22:13:54,763 INFO     ___FILE_ONLY___ Not Installed
2020-05-20 22:13:54,763 INFO     ___FILE_ONLY___  
2020-05-20 22:13:54,764 INFO     ___FILE_ONLY___ │ 
2020-05-20 22:13:54,764 INFO     ___FILE_ONLY___ Cloud Firestore Emulator                            
2020-05-20 22:13:54,764 INFO     ___FILE_ONLY___  
2020-05-20 22:13:54,764 INFO     ___FILE_ONLY___ │ 
2020-05-20 22:13:54,764 INFO     ___FILE_ONLY___ cloud-firestore-emulator
2020-05-20 22:13:54,764 INFO     ___FILE_ONLY___  
2020-05-20 22:13:54,764 INFO     ___FILE_ONLY___ │ 
2020-05-20 22:13:54,764 INFO     ___FILE_ONLY___ 40.4 MiB
2020-05-20 22:13:54,765 INFO     ___FILE_ONLY___  
2020-05-20 22:13:54,765 INFO     ___FILE_ONLY___ │
2020-05-20 22:13:54,765 INFO     ___FILE_ONLY___ 

2020-05-20 22:13:54,765 INFO     ___FILE_ONLY___ │ 
2020-05-20 22:13:54,765 INFO     ___FILE_ONLY___ Not Installed
2020-05-20 22:13:54,765 INFO     ___FILE_ONLY___  
2020-05-20 22:13:54,765 INFO     ___FILE_ONLY___ │ 
2020-05-20 22:13:54,765 INFO     ___FILE_ONLY___ Cloud Pub/Sub Emulator                              
2020-05-20 22:13:54,766 INFO     ___FILE_ONLY___  
2020-05-20 22:13:54,766 INFO     ___FILE_ONLY___ │ 
2020-05-20 22:13:54,766 INFO     ___FILE_ONLY___ pubsub-emulator         
2020-05-20 22:13:54,766 INFO     ___FILE_ONLY___  
2020-05-20 22:13:54,766 INFO     ___FILE_ONLY___ │ 
2020-05-20 22:13:54,766 INFO     ___FILE_ONLY___ 34.9 MiB
2020-05-20 22:13:54,766 INFO     ___FILE_ONLY___  
2020-05-20 22:13:54,766 INFO     ___FILE_ONLY___ │
2020-05-20 22:13:54,767 INFO     ___FILE_ONLY___ 

2020-05-20 22:13:54,767 INFO     ___FILE_ONLY___ │ 
2020-05-20 22:13:54,767 INFO     ___FILE_ONLY___ Not Installed
2020-05-20 22:13:54,767 INFO     ___FILE_ONLY___  
2020-05-20 22:13:54,767 INFO     ___FILE_ONLY___ │ 
2020-05-20 22:13:54,767 INFO     ___FILE_ONLY___ Cloud SQL Proxy                                     
2020-05-20 22:13:54,767 INFO     ___FILE_ONLY___  
2020-05-20 22:13:54,767 INFO     ___FILE_ONLY___ │ 
2020-05-20 22:13:54,768 INFO     ___FILE_ONLY___ cloud_sql_proxy         
2020-05-20 22:13:54,768 INFO     ___FILE_ONLY___  
2020-05-20 22:13:54,768 INFO     ___FILE_ONLY___ │ 
2020-05-20 22:13:54,768 INFO     ___FILE_ONLY___  3.7 MiB
2020-05-20 22:13:54,768 INFO     ___FILE_ONLY___  
2020-05-20 22:13:54,768 INFO     ___FILE_ONLY___ │
2020-05-20 22:13:54,768 INFO     ___FILE_ONLY___ 

2020-05-20 22:13:54,768 INFO     ___FILE_ONLY___ │ 
2020-05-20 22:13:54,768 INFO     ___FILE_ONLY___ Not Installed
2020-05-20 22:13:54,769 INFO     ___FILE_ONLY___  
2020-05-20 22:13:54,769 INFO     ___FILE_ONLY___ │ 
2020-05-20 22:13:54,769 INFO     ___FILE_ONLY___ Emulator Reverse Proxy                              
2020-05-20 22:13:54,769 INFO     ___FILE_ONLY___  
2020-05-20 22:13:54,769 INFO     ___FILE_ONLY___ │ 
2020-05-20 22:13:54,769 INFO     ___FILE_ONLY___ emulator-reverse-proxy  
2020-05-20 22:13:54,770 INFO     ___FILE_ONLY___  
2020-05-20 22:13:54,770 INFO     ___FILE_ONLY___ │ 
2020-05-20 22:13:54,770 INFO     ___FILE_ONLY___ 14.5 MiB
2020-05-20 22:13:54,770 INFO     ___FILE_ONLY___  
2020-05-20 22:13:54,770 INFO     ___FILE_ONLY___ │
2020-05-20 22:13:54,771 INFO     ___FILE_ONLY___ 

2020-05-20 22:13:54,771 INFO     ___FILE_ONLY___ │ 
2020-05-20 22:13:54,771 INFO     ___FILE_ONLY___ Not Installed
2020-05-20 22:13:54,771 INFO     ___FILE_ONLY___  
2020-05-20 22:13:54,771 INFO     ___FILE_ONLY___ │ 
2020-05-20 22:13:54,771 INFO     ___FILE_ONLY___ Google Cloud Build Local Builder                    
2020-05-20 22:13:54,771 INFO     ___FILE_ONLY___  
2020-05-20 22:13:54,772 INFO     ___FILE_ONLY___ │ 
2020-05-20 22:13:54,772 INFO     ___FILE_ONLY___ cloud-build-local       
2020-05-20 22:13:54,772 INFO     ___FILE_ONLY___  
2020-05-20 22:13:54,772 INFO     ___FILE_ONLY___ │ 
2020-05-20 22:13:54,773 INFO     ___FILE_ONLY___  5.9 MiB
2020-05-20 22:13:54,773 INFO     ___FILE_ONLY___  
2020-05-20 22:13:54,773 INFO     ___FILE_ONLY___ │
2020-05-20 22:13:54,773 INFO     ___FILE_ONLY___ 

2020-05-20 22:13:54,773 INFO     ___FILE_ONLY___ │ 
2020-05-20 22:13:54,773 INFO     ___FILE_ONLY___ Not Installed
2020-05-20 22:13:54,773 INFO     ___FILE_ONLY___  
2020-05-20 22:13:54,774 INFO     ___FILE_ONLY___ │ 
2020-05-20 22:13:54,774 INFO     ___FILE_ONLY___ Google Container Registry's Docker credential helper
2020-05-20 22:13:54,774 INFO     ___FILE_ONLY___  
2020-05-20 22:13:54,774 INFO     ___FILE_ONLY___ │ 
2020-05-20 22:13:54,774 INFO     ___FILE_ONLY___ docker-credential-gcr   
2020-05-20 22:13:54,774 INFO     ___FILE_ONLY___  
2020-05-20 22:13:54,774 INFO     ___FILE_ONLY___ │ 
2020-05-20 22:13:54,774 INFO     ___FILE_ONLY___  1.8 MiB
2020-05-20 22:13:54,774 INFO     ___FILE_ONLY___  
2020-05-20 22:13:54,775 INFO     ___FILE_ONLY___ │
2020-05-20 22:13:54,775 INFO     ___FILE_ONLY___ 

2020-05-20 22:13:54,775 INFO     ___FILE_ONLY___ │ 
2020-05-20 22:13:54,775 INFO     ___FILE_ONLY___ Not Installed
2020-05-20 22:13:54,775 INFO     ___FILE_ONLY___  
2020-05-20 22:13:54,776 INFO     ___FILE_ONLY___ │ 
2020-05-20 22:13:54,776 INFO     ___FILE_ONLY___ Kind                                                
2020-05-20 22:13:54,776 INFO     ___FILE_ONLY___  
2020-05-20 22:13:54,776 INFO     ___FILE_ONLY___ │ 
2020-05-20 22:13:54,776 INFO     ___FILE_ONLY___ kind                    
2020-05-20 22:13:54,777 INFO     ___FILE_ONLY___  
2020-05-20 22:13:54,777 INFO     ___FILE_ONLY___ │ 
2020-05-20 22:13:54,777 INFO     ___FILE_ONLY___  4.4 MiB
2020-05-20 22:13:54,777 INFO     ___FILE_ONLY___  
2020-05-20 22:13:54,777 INFO     ___FILE_ONLY___ │
2020-05-20 22:13:54,778 INFO     ___FILE_ONLY___ 

2020-05-20 22:13:54,778 INFO     ___FILE_ONLY___ │ 
2020-05-20 22:13:54,778 INFO     ___FILE_ONLY___ Not Installed
2020-05-20 22:13:54,778 INFO     ___FILE_ONLY___  
2020-05-20 22:13:54,778 INFO     ___FILE_ONLY___ │ 
2020-05-20 22:13:54,779 INFO     ___FILE_ONLY___ Minikube                                            
2020-05-20 22:13:54,779 INFO     ___FILE_ONLY___  
2020-05-20 22:13:54,779 INFO     ___FILE_ONLY___ │ 
2020-05-20 22:13:54,779 INFO     ___FILE_ONLY___ minikube                
2020-05-20 22:13:54,779 INFO     ___FILE_ONLY___  
2020-05-20 22:13:54,780 INFO     ___FILE_ONLY___ │ 
2020-05-20 22:13:54,780 INFO     ___FILE_ONLY___ 22.3 MiB
2020-05-20 22:13:54,780 INFO     ___FILE_ONLY___  
2020-05-20 22:13:54,780 INFO     ___FILE_ONLY___ │
2020-05-20 22:13:54,780 INFO     ___FILE_ONLY___ 

2020-05-20 22:13:54,780 INFO     ___FILE_ONLY___ │ 
2020-05-20 22:13:54,781 INFO     ___FILE_ONLY___ Not Installed
2020-05-20 22:13:54,781 INFO     ___FILE_ONLY___  
2020-05-20 22:13:54,781 INFO     ___FILE_ONLY___ │ 
2020-05-20 22:13:54,781 INFO     ___FILE_ONLY___ Skaffold                                            
2020-05-20 22:13:54,781 INFO     ___FILE_ONLY___  
2020-05-20 22:13:54,781 INFO     ___FILE_ONLY___ │ 
2020-05-20 22:13:54,781 INFO     ___FILE_ONLY___ skaffold                
2020-05-20 22:13:54,781 INFO     ___FILE_ONLY___  
2020-05-20 22:13:54,782 INFO     ___FILE_ONLY___ │ 
2020-05-20 22:13:54,782 INFO     ___FILE_ONLY___ 12.6 MiB
2020-05-20 22:13:54,782 INFO     ___FILE_ONLY___  
2020-05-20 22:13:54,782 INFO     ___FILE_ONLY___ │
2020-05-20 22:13:54,782 INFO     ___FILE_ONLY___ 

2020-05-20 22:13:54,782 INFO     ___FILE_ONLY___ │ 
2020-05-20 22:13:54,782 INFO     ___FILE_ONLY___ Not Installed
2020-05-20 22:13:54,782 INFO     ___FILE_ONLY___  
2020-05-20 22:13:54,783 INFO     ___FILE_ONLY___ │ 
2020-05-20 22:13:54,783 INFO     ___FILE_ONLY___ anthos-auth                                         
2020-05-20 22:13:54,783 INFO     ___FILE_ONLY___  
2020-05-20 22:13:54,783 INFO     ___FILE_ONLY___ │ 
2020-05-20 22:13:54,783 INFO     ___FILE_ONLY___ anthos-auth             
2020-05-20 22:13:54,783 INFO     ___FILE_ONLY___  
2020-05-20 22:13:54,783 INFO     ___FILE_ONLY___ │ 
2020-05-20 22:13:54,783 INFO     ___FILE_ONLY___ 15.9 MiB
2020-05-20 22:13:54,783 INFO     ___FILE_ONLY___  
2020-05-20 22:13:54,784 INFO     ___FILE_ONLY___ │
2020-05-20 22:13:54,784 INFO     ___FILE_ONLY___ 

2020-05-20 22:13:54,784 INFO     ___FILE_ONLY___ │ 
2020-05-20 22:13:54,784 INFO     ___FILE_ONLY___ Not Installed
2020-05-20 22:13:54,785 INFO     ___FILE_ONLY___  
2020-05-20 22:13:54,785 INFO     ___FILE_ONLY___ │ 
2020-05-20 22:13:54,786 INFO     ___FILE_ONLY___ gcloud Alpha Commands                               
2020-05-20 22:13:54,786 INFO     ___FILE_ONLY___  
2020-05-20 22:13:54,786 INFO     ___FILE_ONLY___ │ 
2020-05-20 22:13:54,786 INFO     ___FILE_ONLY___ alpha                   
2020-05-20 22:13:54,786 INFO     ___FILE_ONLY___  
2020-05-20 22:13:54,786 INFO     ___FILE_ONLY___ │ 
2020-05-20 22:13:54,787 INFO     ___FILE_ONLY___  < 1 MiB
2020-05-20 22:13:54,787 INFO     ___FILE_ONLY___  
2020-05-20 22:13:54,787 INFO     ___FILE_ONLY___ │
2020-05-20 22:13:54,787 INFO     ___FILE_ONLY___ 

2020-05-20 22:13:54,787 INFO     ___FILE_ONLY___ │ 
2020-05-20 22:13:54,787 INFO     ___FILE_ONLY___ Not Installed
2020-05-20 22:13:54,787 INFO     ___FILE_ONLY___  
2020-05-20 22:13:54,787 INFO     ___FILE_ONLY___ │ 
2020-05-20 22:13:54,788 INFO     ___FILE_ONLY___ gcloud Beta Commands                                
2020-05-20 22:13:54,788 INFO     ___FILE_ONLY___  
2020-05-20 22:13:54,788 INFO     ___FILE_ONLY___ │ 
2020-05-20 22:13:54,788 INFO     ___FILE_ONLY___ beta                    
2020-05-20 22:13:54,788 INFO     ___FILE_ONLY___  
2020-05-20 22:13:54,788 INFO     ___FILE_ONLY___ │ 
2020-05-20 22:13:54,788 INFO     ___FILE_ONLY___  < 1 MiB
2020-05-20 22:13:54,788 INFO     ___FILE_ONLY___  
2020-05-20 22:13:54,788 INFO     ___FILE_ONLY___ │
2020-05-20 22:13:54,789 INFO     ___FILE_ONLY___ 

2020-05-20 22:13:54,789 INFO     ___FILE_ONLY___ │ 
2020-05-20 22:13:54,789 INFO     ___FILE_ONLY___ Not Installed
2020-05-20 22:13:54,789 INFO     ___FILE_ONLY___  
2020-05-20 22:13:54,789 INFO     ___FILE_ONLY___ │ 
2020-05-20 22:13:54,789 INFO     ___FILE_ONLY___ gcloud app Java Extensions                          
2020-05-20 22:13:54,789 INFO     ___FILE_ONLY___  
2020-05-20 22:13:54,789 INFO     ___FILE_ONLY___ │ 
2020-05-20 22:13:54,790 INFO     ___FILE_ONLY___ app-engine-java         
2020-05-20 22:13:54,790 INFO     ___FILE_ONLY___  
2020-05-20 22:13:54,790 INFO     ___FILE_ONLY___ │ 
2020-05-20 22:13:54,790 INFO     ___FILE_ONLY___ 62.4 MiB
2020-05-20 22:13:54,790 INFO     ___FILE_ONLY___  
2020-05-20 22:13:54,790 INFO     ___FILE_ONLY___ │
2020-05-20 22:13:54,790 INFO     ___FILE_ONLY___ 

2020-05-20 22:13:54,790 INFO     ___FILE_ONLY___ │ 
2020-05-20 22:13:54,790 INFO     ___FILE_ONLY___ Not Installed
2020-05-20 22:13:54,791 INFO     ___FILE_ONLY___  
2020-05-20 22:13:54,791 INFO     ___FILE_ONLY___ │ 
2020-05-20 22:13:54,791 INFO     ___FILE_ONLY___ gcloud app PHP Extensions                           
2020-05-20 22:13:54,791 INFO     ___FILE_ONLY___  
2020-05-20 22:13:54,791 INFO     ___FILE_ONLY___ │ 
2020-05-20 22:13:54,791 INFO     ___FILE_ONLY___ app-engine-php          
2020-05-20 22:13:54,791 INFO     ___FILE_ONLY___  
2020-05-20 22:13:54,791 INFO     ___FILE_ONLY___ │ 
2020-05-20 22:13:54,791 INFO     ___FILE_ONLY___ 21.9 MiB
2020-05-20 22:13:54,792 INFO     ___FILE_ONLY___  
2020-05-20 22:13:54,792 INFO     ___FILE_ONLY___ │
2020-05-20 22:13:54,792 INFO     ___FILE_ONLY___ 

2020-05-20 22:13:54,792 INFO     ___FILE_ONLY___ │ 
2020-05-20 22:13:54,792 INFO     ___FILE_ONLY___ Not Installed
2020-05-20 22:13:54,792 INFO     ___FILE_ONLY___  
2020-05-20 22:13:54,792 INFO     ___FILE_ONLY___ │ 
2020-05-20 22:13:54,792 INFO     ___FILE_ONLY___ gcloud app Python Extensions                        
2020-05-20 22:13:54,793 INFO     ___FILE_ONLY___  
2020-05-20 22:13:54,793 INFO     ___FILE_ONLY___ │ 
2020-05-20 22:13:54,793 INFO     ___FILE_ONLY___ app-engine-python       
2020-05-20 22:13:54,793 INFO     ___FILE_ONLY___  
2020-05-20 22:13:54,793 INFO     ___FILE_ONLY___ │ 
2020-05-20 22:13:54,793 INFO     ___FILE_ONLY___  6.1 MiB
2020-05-20 22:13:54,793 INFO     ___FILE_ONLY___  
2020-05-20 22:13:54,793 INFO     ___FILE_ONLY___ │
2020-05-20 22:13:54,793 INFO     ___FILE_ONLY___ 

2020-05-20 22:13:54,793 INFO     ___FILE_ONLY___ │ 
2020-05-20 22:13:54,794 INFO     ___FILE_ONLY___ Not Installed
2020-05-20 22:13:54,794 INFO     ___FILE_ONLY___  
2020-05-20 22:13:54,794 INFO     ___FILE_ONLY___ │ 
2020-05-20 22:13:54,794 INFO     ___FILE_ONLY___ gcloud app Python Extensions (Extra Libraries)      
2020-05-20 22:13:54,794 INFO     ___FILE_ONLY___  
2020-05-20 22:13:54,794 INFO     ___FILE_ONLY___ │ 
2020-05-20 22:13:54,794 INFO     ___FILE_ONLY___ app-engine-python-extras
2020-05-20 22:13:54,794 INFO     ___FILE_ONLY___  
2020-05-20 22:13:54,794 INFO     ___FILE_ONLY___ │ 
2020-05-20 22:13:54,795 INFO     ___FILE_ONLY___ 27.1 MiB
2020-05-20 22:13:54,795 INFO     ___FILE_ONLY___  
2020-05-20 22:13:54,795 INFO     ___FILE_ONLY___ │
2020-05-20 22:13:54,795 INFO     ___FILE_ONLY___ 

2020-05-20 22:13:54,795 INFO     ___FILE_ONLY___ │ 
2020-05-20 22:13:54,795 INFO     ___FILE_ONLY___ Not Installed
2020-05-20 22:13:54,795 INFO     ___FILE_ONLY___  
2020-05-20 22:13:54,795 INFO     ___FILE_ONLY___ │ 
2020-05-20 22:13:54,796 INFO     ___FILE_ONLY___ kpt                                                 
2020-05-20 22:13:54,796 INFO     ___FILE_ONLY___  
2020-05-20 22:13:54,796 INFO     ___FILE_ONLY___ │ 
2020-05-20 22:13:54,796 INFO     ___FILE_ONLY___ kpt                     
2020-05-20 22:13:54,796 INFO     ___FILE_ONLY___  
2020-05-20 22:13:54,796 INFO     ___FILE_ONLY___ │ 
2020-05-20 22:13:54,797 INFO     ___FILE_ONLY___ 20.1 MiB
2020-05-20 22:13:54,797 INFO     ___FILE_ONLY___  
2020-05-20 22:13:54,797 INFO     ___FILE_ONLY___ │
2020-05-20 22:13:54,797 INFO     ___FILE_ONLY___ 

2020-05-20 22:13:54,797 INFO     ___FILE_ONLY___ │ 
2020-05-20 22:13:54,797 INFO     ___FILE_ONLY___ Not Installed
2020-05-20 22:13:54,797 INFO     ___FILE_ONLY___  
2020-05-20 22:13:54,797 INFO     ___FILE_ONLY___ │ 
2020-05-20 22:13:54,798 INFO     ___FILE_ONLY___ kubectl                                             
2020-05-20 22:13:54,798 INFO     ___FILE_ONLY___  
2020-05-20 22:13:54,798 INFO     ___FILE_ONLY___ │ 
2020-05-20 22:13:54,798 INFO     ___FILE_ONLY___ kubectl                 
2020-05-20 22:13:54,798 INFO     ___FILE_ONLY___  
2020-05-20 22:13:54,798 INFO     ___FILE_ONLY___ │ 
2020-05-20 22:13:54,798 INFO     ___FILE_ONLY___  < 1 MiB
2020-05-20 22:13:54,798 INFO     ___FILE_ONLY___  
2020-05-20 22:13:54,798 INFO     ___FILE_ONLY___ │
2020-05-20 22:13:54,799 INFO     ___FILE_ONLY___ 

2020-05-20 22:13:54,799 INFO     ___FILE_ONLY___ │ 
2020-05-20 22:13:54,799 INFO     ___FILE_ONLY___ Installed    
2020-05-20 22:13:54,799 INFO     ___FILE_ONLY___  
2020-05-20 22:13:54,799 INFO     ___FILE_ONLY___ │ 
2020-05-20 22:13:54,799 INFO     ___FILE_ONLY___ BigQuery Command Line Tool                          
2020-05-20 22:13:54,799 INFO     ___FILE_ONLY___  
2020-05-20 22:13:54,799 INFO     ___FILE_ONLY___ │ 
2020-05-20 22:13:54,800 INFO     ___FILE_ONLY___ bq                      
2020-05-20 22:13:54,800 INFO     ___FILE_ONLY___  
2020-05-20 22:13:54,800 INFO     ___FILE_ONLY___ │ 
2020-05-20 22:13:54,800 INFO     ___FILE_ONLY___  < 1 MiB
2020-05-20 22:13:54,800 INFO     ___FILE_ONLY___  
2020-05-20 22:13:54,800 INFO     ___FILE_ONLY___ │
2020-05-20 22:13:54,801 INFO     ___FILE_ONLY___ 

2020-05-20 22:13:54,801 INFO     ___FILE_ONLY___ │ 
2020-05-20 22:13:54,801 INFO     ___FILE_ONLY___ Installed    
2020-05-20 22:13:54,801 INFO     ___FILE_ONLY___  
2020-05-20 22:13:54,801 INFO     ___FILE_ONLY___ │ 
2020-05-20 22:13:54,802 INFO     ___FILE_ONLY___ Cloud SDK Core Libraries                            
2020-05-20 22:13:54,802 INFO     ___FILE_ONLY___  
2020-05-20 22:13:54,802 INFO     ___FILE_ONLY___ │ 
2020-05-20 22:13:54,802 INFO     ___FILE_ONLY___ core                    
2020-05-20 22:13:54,802 INFO     ___FILE_ONLY___  
2020-05-20 22:13:54,802 INFO     ___FILE_ONLY___ │ 
2020-05-20 22:13:54,803 INFO     ___FILE_ONLY___ 14.5 MiB
2020-05-20 22:13:54,803 INFO     ___FILE_ONLY___  
2020-05-20 22:13:54,803 INFO     ___FILE_ONLY___ │
2020-05-20 22:13:54,803 INFO     ___FILE_ONLY___ 

2020-05-20 22:13:54,803 INFO     ___FILE_ONLY___ │ 
2020-05-20 22:13:54,803 INFO     ___FILE_ONLY___ Installed    
2020-05-20 22:13:54,803 INFO     ___FILE_ONLY___  
2020-05-20 22:13:54,803 INFO     ___FILE_ONLY___ │ 
2020-05-20 22:13:54,804 INFO     ___FILE_ONLY___ Cloud Storage Command Line Tool                     
2020-05-20 22:13:54,804 INFO     ___FILE_ONLY___  
2020-05-20 22:13:54,804 INFO     ___FILE_ONLY___ │ 
2020-05-20 22:13:54,804 INFO     ___FILE_ONLY___ gsutil                  
2020-05-20 22:13:54,804 INFO     ___FILE_ONLY___  
2020-05-20 22:13:54,804 INFO     ___FILE_ONLY___ │ 
2020-05-20 22:13:54,804 INFO     ___FILE_ONLY___  3.5 MiB
2020-05-20 22:13:54,804 INFO     ___FILE_ONLY___  
2020-05-20 22:13:54,804 INFO     ___FILE_ONLY___ │
2020-05-20 22:13:54,805 INFO     ___FILE_ONLY___ 

2020-05-20 22:13:54,805 INFO     ___FILE_ONLY___ └───────────────┴──────────────────────────────────────────────────────┴──────────────────────────┴──────────┘
2020-05-20 22:13:54,805 INFO     ___FILE_ONLY___ 

2020-05-20 22:13:54,805 INFO     ___FILE_ONLY___ To install or remove components at your current SDK version [293.0.0], run:
  $ gcloud components install COMPONENT_ID
  $ gcloud components remove COMPONENT_ID

To update your SDK installation to the latest version [293.0.0], run:
  $ gcloud components update


